<?xml version="1.0" encoding="UTF-8"?>
<!-- Generated by org.testng.reporters.JUnitReportReporter -->
<testsuite skipped="0" hostname="LENOVO-PC" name="test.basics1" tests="1" failures="0" timestamp="25 Jan 2022 19:58:36 GMT" time="0.016" errors="0">
  <testcase name="WebCreditCardMethod1" time="0.016" classname="test.basics1"/>
</testsuite> <!-- test.basics1 -->
