<?xml version="1.0" encoding="UTF-8"?>
<!-- Generated by org.testng.reporters.JUnitReportReporter -->
<testsuite skipped="0" hostname="LENOVO-PC" name="test.basic2" tests="1" failures="0" timestamp="25 Jan 2022 19:58:36 GMT" time="0.016" errors="0">
  <testcase name="MobCreditCardMethod1" time="0.016" classname="test.basic2"/>
</testsuite> <!-- test.basic2 -->
