<?xml version="1.0" encoding="UTF-8"?>
<!-- Generated by org.testng.reporters.JUnitReportReporter -->
<testsuite skipped="0" hostname="LENOVO-PC" name="test.basics3" tests="1" failures="0" timestamp="25 Jan 2022 19:58:36 GMT" time="0.000" errors="0">
  <testcase name="WebDebitCardMethod1" time="0.000" classname="test.basics3"/>
</testsuite> <!-- test.basics3 -->
